{"level":"info","message":"2022-07-17T04:07:06.780Z | Server listening on port 8080","service":"dispute-service"}
{"level":"info","message":"2022-07-17T04:07:18.869Z | Server listening on port 8080","service":"dispute-service"}
{"level":"info","message":"2022-07-17T04:57:38.824Z | Server listening on port 8080","service":"dispute-service"}
{"level":"info","message":"2022-07-17T05:21:26.433Z | Server listening on port 8080","service":"dispute-service"}
{"level":"info","message":"2022-07-17T05:23:29.710Z | Server listening on port 8080","service":"dispute-service"}
{"level":"info","message":"2022-07-17T05:23:57.621Z | Server listening on port 8080","service":"dispute-service"}
{"level":"info","message":"2022-07-17T05:26:28.917Z | Server listening on port 8080","service":"dispute-service"}
{"level":"info","message":"2022-07-17T05:27:00.592Z | Server listening on port 8080","service":"dispute-service"}
{"level":"info","message":"2022-07-17T05:29:24.794Z | Server listening on port 8080","service":"dispute-service"}
{"level":"info","message":"2022-07-17T05:33:23.965Z | Server listening on port 8080","service":"dispute-service"}
{"level":"info","message":"2022-07-17T15:39:05.808Z | Server listening on port 8080","service":"dispute-service"}
{"level":"info","message":"2022-07-17T15:51:48.898Z | Server listening on port 8080","service":"dispute-service"}
{"level":"info","message":"2022-07-17T16:04:51.770Z | Server listening on port 8080","service":"dispute-service"}
{"level":"info","message":"2022-07-17T16:05:03.213Z | Server listening on port 8080","service":"dispute-service"}
{"level":"info","message":"2022-07-17T16:05:43.502Z | Server listening on port 8080","service":"dispute-service"}
{"level":"info","message":"2022-07-17T16:06:07.793Z | Server listening on port 8080","service":"dispute-service"}
{"amount":13.45,"description":"Chipotle 2333 Santa Ana CA 07/10","dispute":"I'm still being charged for a product or service.","id":1,"level":"info","message":"post dispute triggered","posted_date":"2022-08-13T07:00:00.000Z","service":"dispute-service"}
{"amount":13.45,"description":"Chipotle 2333 Santa Ana CA 07/10","dispute":"I'm still being charged for a product or service.","id":1,"level":"info","message":"post dispute triggered","posted_date":"2022-08-13T07:00:00.000Z","service":"dispute-service"}
{"level":"info","message":{"amount":13.45,"description":"Chipotle 2333 Santa Ana CA 07/10","dispute":"I'm still being charged for a product or service.","id":1,"posted_date":"2022-08-13T07:00:00.000Z"},"service":"dispute-service"}
{"level":"info","message":{"amount":13.45,"description":"Chipotle 2333 Santa Ana CA 07/10","dispute":"I'm still being charged for a product or service.","id":1,"posted_date":"2022-08-13T07:00:00.000Z"},"service":"dispute-service"}
{"level":"info","message":{"amount":13.45,"description":"Chipotle 2333 Santa Ana CA 07/10","dispute":"I was incorrectly charged for a purchase I made.","id":1,"posted_date":"2022-08-13T07:00:00.000Z"},"service":"dispute-service"}
{"level":"info","message":{"amount":13.45,"description":"Chipotle 2333 Santa Ana CA 07/10","dispute":"I was incorrectly charged for a purchase I made.","id":1,"posted_date":"2022-08-13T07:00:00.000Z"},"service":"dispute-service"}
{"level":"info","message":{"amount":13.45,"description":"Chipotle 2333 Santa Ana CA 07/10","dispute":"I was incorrectly charged for a purchase I made.","id":1,"posted_date":"2022-08-13T07:00:00.000Z"},"service":"dispute-service"}
{"level":"info","message":{"amount":13.45,"description":"Chipotle 2333 Santa Ana CA 07/10","dispute":"I was incorrectly charged for a purchase I made.","id":1,"posted_date":"2022-08-13T07:00:00.000Z"},"service":"dispute-service"}
{"level":"info","message":"I'm still being charged for a product or service.","service":"dispute-service"}
{"level":"info","message":"I'm still being charged for a product or service.","service":"dispute-service"}
{"level":"info","message":"I did not make this purchase.","service":"dispute-service"}
{"level":"info","message":"I did not make this purchase.","service":"dispute-service"}
{"level":"info","message":"I did not make this purchase.","service":"dispute-service"}
{"level":"info","message":"I did not make this purchase.","service":"dispute-service"}
{"level":"info","message":"I did not make this purchase.","service":"dispute-service"}
{"level":"info","message":null,"service":"dispute-service"}
{"level":"error","message":"invalid invalid dispute input","service":"dispute-service"}
{"level":"info","message":null,"service":"dispute-service"}
{"level":"error","message":"invalid invalid dispute input","service":"dispute-service"}
{"level":"info","message":null,"service":"dispute-service"}
{"level":"error","message":"invalid invalid dispute input","service":"dispute-service"}
{"level":"info","message":null,"service":"dispute-service"}
{"level":"error","message":"invalid invalid dispute input","service":"dispute-service"}
{"level":"info","message":null,"service":"dispute-service"}
{"level":"error","message":"invalid invalid dispute input","service":"dispute-service"}
{"level":"info","message":null,"service":"dispute-service"}
{"level":"error","message":"invalid invalid dispute input","service":"dispute-service"}
{"level":"info","message":"I'm still being charged for a product or service.","service":"dispute-service"}
{"level":"info","message":"I'm still being charged for a product or service.","service":"dispute-service"}
{"level":"info","message":"I'm still being charged for a product or service.","service":"dispute-service"}
{"level":"info","message":"I'm still being charged for a product or service.","service":"dispute-service"}
{"level":"info","message":"uyg7iyiouhuih","service":"dispute-service"}
{"level":"info","message":"uyg7iyiouhuih","service":"dispute-service"}
{"level":"info","message":"I was incorrectly charged for a purchase I made.","service":"dispute-service"}
{"level":"info","message":"I was incorrectly charged for a purchase I made.","service":"dispute-service"}
{"level":"info","message":"","service":"dispute-service"}
{"level":"error","message":"invalid dispute input","service":"dispute-service"}
{"level":"info","message":"","service":"dispute-service"}
{"level":"error","message":"invalid dispute input","service":"dispute-service"}
{"level":"info","message":"","service":"dispute-service"}
{"level":"error","message":"invalid dispute input","service":"dispute-service"}
{"level":"info","message":"","service":"dispute-service"}
{"level":"error","message":"invalid dispute input","service":"dispute-service"}
{"level":"info","message":"","service":"dispute-service"}
{"level":"error","message":"invalid dispute input","service":"dispute-service"}
{"level":"info","message":"","service":"dispute-service"}
{"level":"error","message":"invalid dispute input","service":"dispute-service"}
{"level":"info","message":"","service":"dispute-service"}
{"level":"error","message":"invalid dispute input","service":"dispute-service"}
{"level":"info","message":"","service":"dispute-service"}
{"level":"error","message":"invalid dispute input","service":"dispute-service"}
{"level":"info","message":"","service":"dispute-service"}
{"level":"error","message":"invalid dispute input","service":"dispute-service"}
{"level":"info","message":"","service":"dispute-service"}
{"level":"error","message":"invalid dispute input","service":"dispute-service"}
{"level":"info","message":"","service":"dispute-service"}
{"level":"error","message":"invalid dispute input","service":"dispute-service"}
{"level":"info","message":"","service":"dispute-service"}
{"level":"error","message":"invalid dispute input","service":"dispute-service"}
{"level":"info","message":"dsqdwqdqw","service":"dispute-service"}
{"level":"info","message":"dsqdwqdqw","service":"dispute-service"}
