{"amount":13.45,"description":"Chipotle 2333 Santa Ana CA 07/10","dispute":"I'm still being charged for a product or service.","id":1,"level":"info","message":"post dispute triggered","posted_date":"2022-08-13T07:00:00.000Z","service":"dispute-service"}
{"amount":13.45,"description":"Chipotle 2333 Santa Ana CA 07/10","dispute":"I'm still being charged for a product or service.","id":1,"level":"info","message":"post dispute triggered","posted_date":"2022-08-13T07:00:00.000Z","service":"dispute-service"}
{"level":"info","message":{"amount":13.45,"description":"Chipotle 2333 Santa Ana CA 07/10","dispute":"I'm still being charged for a product or service.","id":1,"posted_date":"2022-08-13T07:00:00.000Z"},"service":"dispute-service"}
{"level":"info","message":{"amount":13.45,"description":"Chipotle 2333 Santa Ana CA 07/10","dispute":"I'm still being charged for a product or service.","id":1,"posted_date":"2022-08-13T07:00:00.000Z"},"service":"dispute-service"}
{"level":"info","message":{"amount":13.45,"description":"Chipotle 2333 Santa Ana CA 07/10","dispute":"I was incorrectly charged for a purchase I made.","id":1,"posted_date":"2022-08-13T07:00:00.000Z"},"service":"dispute-service"}
{"level":"info","message":{"amount":13.45,"description":"Chipotle 2333 Santa Ana CA 07/10","dispute":"I was incorrectly charged for a purchase I made.","id":1,"posted_date":"2022-08-13T07:00:00.000Z"},"service":"dispute-service"}
{"level":"info","message":{"amount":13.45,"description":"Chipotle 2333 Santa Ana CA 07/10","dispute":"I was incorrectly charged for a purchase I made.","id":1,"posted_date":"2022-08-13T07:00:00.000Z"},"service":"dispute-service"}
{"level":"info","message":{"amount":13.45,"description":"Chipotle 2333 Santa Ana CA 07/10","dispute":"I was incorrectly charged for a purchase I made.","id":1,"posted_date":"2022-08-13T07:00:00.000Z"},"service":"dispute-service"}
{"level":"info","message":"I'm still being charged for a product or service.","service":"dispute-service"}
{"level":"info","message":"I'm still being charged for a product or service.","service":"dispute-service"}
{"level":"info","message":"I did not make this purchase.","service":"dispute-service"}
{"level":"info","message":"I did not make this purchase.","service":"dispute-service"}
{"level":"info","message":"I did not make this purchase.","service":"dispute-service"}
{"level":"info","message":"I did not make this purchase.","service":"dispute-service"}
{"level":"info","message":"I did not make this purchase.","service":"dispute-service"}
{"level":"info","message":null,"service":"dispute-service"}
{"level":"error","message":"invalid invalid dispute input","service":"dispute-service"}
{"level":"info","message":null,"service":"dispute-service"}
{"level":"error","message":"invalid invalid dispute input","service":"dispute-service"}
{"level":"info","message":null,"service":"dispute-service"}
{"level":"error","message":"invalid invalid dispute input","service":"dispute-service"}
{"level":"info","message":null,"service":"dispute-service"}
{"level":"error","message":"invalid invalid dispute input","service":"dispute-service"}
{"level":"info","message":null,"service":"dispute-service"}
{"level":"error","message":"invalid invalid dispute input","service":"dispute-service"}
{"level":"info","message":null,"service":"dispute-service"}
{"level":"error","message":"invalid invalid dispute input","service":"dispute-service"}
{"level":"info","message":"I'm still being charged for a product or service.","service":"dispute-service"}
{"level":"info","message":"I'm still being charged for a product or service.","service":"dispute-service"}
{"level":"info","message":"I'm still being charged for a product or service.","service":"dispute-service"}
{"level":"info","message":"I'm still being charged for a product or service.","service":"dispute-service"}
{"level":"info","message":"uyg7iyiouhuih","service":"dispute-service"}
{"level":"info","message":"uyg7iyiouhuih","service":"dispute-service"}
{"level":"info","message":"I was incorrectly charged for a purchase I made.","service":"dispute-service"}
{"level":"info","message":"I was incorrectly charged for a purchase I made.","service":"dispute-service"}
{"level":"info","message":"","service":"dispute-service"}
{"level":"error","message":"invalid dispute input","service":"dispute-service"}
{"level":"info","message":"","service":"dispute-service"}
{"level":"error","message":"invalid dispute input","service":"dispute-service"}
{"level":"info","message":"","service":"dispute-service"}
{"level":"error","message":"invalid dispute input","service":"dispute-service"}
{"level":"info","message":"","service":"dispute-service"}
{"level":"error","message":"invalid dispute input","service":"dispute-service"}
{"level":"info","message":"","service":"dispute-service"}
{"level":"error","message":"invalid dispute input","service":"dispute-service"}
{"level":"info","message":"","service":"dispute-service"}
{"level":"error","message":"invalid dispute input","service":"dispute-service"}
{"level":"info","message":"","service":"dispute-service"}
{"level":"error","message":"invalid dispute input","service":"dispute-service"}
{"level":"info","message":"","service":"dispute-service"}
{"level":"error","message":"invalid dispute input","service":"dispute-service"}
{"level":"info","message":"","service":"dispute-service"}
{"level":"error","message":"invalid dispute input","service":"dispute-service"}
{"level":"info","message":"","service":"dispute-service"}
{"level":"error","message":"invalid dispute input","service":"dispute-service"}
{"level":"info","message":"","service":"dispute-service"}
{"level":"error","message":"invalid dispute input","service":"dispute-service"}
{"level":"info","message":"","service":"dispute-service"}
{"level":"error","message":"invalid dispute input","service":"dispute-service"}
{"level":"info","message":"dsqdwqdqw","service":"dispute-service"}
{"level":"info","message":"dsqdwqdqw","service":"dispute-service"}
